Using pre-set license
Built from '2020.3/release' branch; Version is '2020.3.27f1 (e759542391ea) revision 15161684'; Using compiler version '192528614'; Build Type 'Release'
OS: 'Windows 10  (10.0.19044) 64bit Professional' Language: 'en' Physical Memory: 3985 MB
BatchMode: 1, IsHumanControllingUs: 0, StartBugReporterOnCrash: 0, Is64bit: 1, IsPro: 0

COMMAND LINE ARGUMENTS:
C:\Program Files\Unity\Hub\Editor\2020.3.27f1\Editor\Unity.exe
-adb2
-batchMode
-noUpm
-name
AssetImportWorker9
-projectPath
D:/Workshops/INSAT Android Club/Gaming Workshop/SuperMario
-logFile
Logs/AssetImportWorker9.log
-srvPort
61383
Successfully changed project path to: D:/Workshops/INSAT Android Club/Gaming Workshop/SuperMario
D:/Workshops/INSAT Android Club/Gaming Workshop/SuperMario
Using Asset Import Pipeline V2.
